<?xml version="1.0" encoding="UTF-8"?>
<testng-results ignored="0" total="1" passed="1" failed="0" skipped="0">
  <reporter-output>
  </reporter-output>
  <suite started-at="2026-05-30T21:23:33 ICT" name="Default suite" finished-at="2026-05-30T21:23:38 ICT" duration-ms="5062">
    <groups>
    </groups>
    <test started-at="2026-05-30T21:23:33 ICT" name="Default test" finished-at="2026-05-30T21:23:38 ICT" duration-ms="5062">
      <class name="testScript.LoginTest">
        <test-method is-config="true" signature="browserLaunch()[pri:0, instance:testScript.LoginTest@7cc0cdad]" started-at="2026-05-30T21:23:33 ICT" name="browserLaunch" finished-at="2026-05-30T21:23:35 ICT" duration-ms="2137" status="PASS">
          <reporter-output>
          </reporter-output>
        </test-method> <!-- browserLaunch -->
        <test-method signature="verifyUserLoginWithValidCredentials()[pri:0, instance:testScript.LoginTest@7cc0cdad]" started-at="2026-05-30T21:23:35 ICT" name="verifyUserLoginWithValidCredentials" finished-at="2026-05-30T21:23:38 ICT" duration-ms="2838" status="PASS">
          <reporter-output>
          </reporter-output>
        </test-method> <!-- verifyUserLoginWithValidCredentials -->
        <test-method is-config="true" signature="browserQuit()[pri:0, instance:testScript.LoginTest@7cc0cdad]" started-at="2026-05-30T21:23:38 ICT" name="browserQuit" finished-at="2026-05-30T21:23:38 ICT" duration-ms="15" status="PASS">
          <reporter-output>
          </reporter-output>
        </test-method> <!-- browserQuit -->
      </class> <!-- testScript.LoginTest -->
    </test> <!-- Default test -->
  </suite> <!-- Default suite -->
</testng-results>
