<?xml version="1.0" encoding="UTF-8"?>
<!-- Generated by org.testng.reporters.JUnitXMLReporter -->
<testsuite ignored="0" hostname="LAPTOP-QRFMRN1K" failures="0" tests="4" name="Test" time="23.449" errors="0" timestamp="2026-06-25T11:15:56 ICT">
  <testcase classname="testScripts.LoginTest" name="verifyUserLoginWithValidCredentials" time="4.402"/>
  <testcase classname="testScripts.LoginTest" name="verifyUserLoginWithInvalidUsernameAndValidPassword" time="1.261"/>
  <testcase classname="testScripts.LoginTest" name="verifyUserLoginWithvalidUsernameAndInValidPassword" time="0.866"/>
  <testcase classname="testScripts.LoginTest" name="verifyUserLoginWithInvalidCredentials" time="1.553"/>
</testsuite> <!-- Test -->
