<?xml version="1.0" encoding="UTF-8"?>
<!-- Generated by org.testng.reporters.JUnitXMLReporter -->
<testsuite ignored="2" hostname="LAPTOP-QRFMRN1K" failures="0" tests="2" name="Test" time="9.312" errors="0" timestamp="2026-06-16T23:13:07 ICT">
  <testcase classname="testScripts.LoginTest" name="verifyUserLoginWithValidCredentials" time="3.193"/>
  <testcase classname="testScripts.LoginTest" name="verifyUserLoginWithInvalidCredentials" time="0.747"/>
  <testcase classname="testScripts.LoginTest" name="verifyUserLoginWithvalidUsernameAndInValidPassword" time="0.0">
    <ignored/>
  </testcase> <!-- verifyUserLoginWithvalidUsernameAndInValidPassword -->
  <testcase classname="testScripts.LoginTest" name="verifyUserLoginWithInvalidUsernameAndValidPassword" time="0.0">
    <ignored/>
  </testcase> <!-- verifyUserLoginWithInvalidUsernameAndValidPassword -->
</testsuite> <!-- Test -->
