<?xml version="1.0" encoding="UTF-8"?>
<!-- Generated by org.testng.reporters.JUnitXMLReporter -->
<testsuite ignored="0" hostname="LAPTOP-QRFMRN1K" failures="0" tests="4" name="Test" time="18.472" errors="0" timestamp="2026-06-25T11:49:48 ICT">
  <testcase classname="testScripts.LoginTest" name="verifyUserLoginWithValidCredentials" time="3.505"/>
  <testcase classname="testScripts.LoginTest" name="verifyUserLoginWithInvalidUsernameAndValidPassword" time="1.023"/>
  <testcase classname="testScripts.LoginTest" name="verifyUserLoginWithvalidUsernameAndInValidPassword" time="1.066"/>
  <testcase classname="testScripts.LoginTest" name="verifyUserLoginWithInvalidCredentials" time="1.17"/>
</testsuite> <!-- Test -->
