<?xml version="1.0" encoding="UTF-8"?>
<!-- Generated by org.testng.reporters.JUnitXMLReporter -->
<testsuite ignored="3" hostname="LAPTOP-QRFMRN1K" failures="0" tests="1" name="Default test" time="5.062" errors="0" timestamp="2026-05-30T21:23:38 ICT">
  <testcase classname="testScript.LoginTest" name="verifyUserLoginWithValidCredentials" time="2.838"/>
  <testcase classname="testScript.LoginTest" name="verifyUserLoginWithInValidUsernameAndValidPassword" time="0.0">
    <ignored/>
  </testcase> <!-- verifyUserLoginWithInValidUsernameAndValidPassword -->
  <testcase classname="testScript.LoginTest" name="verifyUserLoginWithInValidPassWord" time="0.0">
    <ignored/>
  </testcase> <!-- verifyUserLoginWithInValidPassWord -->
  <testcase classname="testScript.LoginTest" name="verifyUserLoginWithInValidCredentials" time="0.0">
    <ignored/>
  </testcase> <!-- verifyUserLoginWithInValidCredentials -->
</testsuite> <!-- Default test -->
