<?xml version="1.0" encoding="UTF-8"?>
<testng-results ignored="0" total="4" passed="4" failed="0" skipped="0">
  <reporter-output>
  </reporter-output>
  <suite started-at="2026-06-25T11:49:29 ICT" name="Suite" finished-at="2026-06-25T11:49:47 ICT" duration-ms="18472">
    <groups>
      <group name="smoke">
        <method signature="LoginTest.verifyUserLoginWithValidCredentials()[pri:1, instance:testScripts.LoginTest@1349883]" name="verifyUserLoginWithValidCredentials" class="testScripts.LoginTest"/>
        <method signature="LoginTest.verifyUserLoginWithInvalidCredentials()[pri:4, instance:testScripts.LoginTest@1349883]" name="verifyUserLoginWithInvalidCredentials" class="testScripts.LoginTest"/>
      </group> <!-- smoke -->
    </groups>
    <test started-at="2026-06-25T11:49:29 ICT" name="Test" finished-at="2026-06-25T11:49:47 ICT" duration-ms="18472">
      <class name="testScripts.LoginTest">
        <test-method is-config="true" signature="browserLaunch(java.lang.String)[pri:0, instance:testScripts.LoginTest@1349883]" started-at="2026-06-25T11:49:29 ICT" name="browserLaunch" finished-at="2026-06-25T11:49:32 ICT" duration-ms="2709" status="PASS">
          <params>
            <param index="0">
              <value>
                <![CDATA[Chrome]]>
              </value>
            </param>
          </params>
          <reporter-output>
          </reporter-output>
        </test-method> <!-- browserLaunch -->
        <test-method signature="verifyUserLoginWithValidCredentials()[pri:1, instance:testScripts.LoginTest@1349883]" started-at="2026-06-25T11:49:32 ICT" name="verifyUserLoginWithValidCredentials" description="validating user login with valid credentials" finished-at="2026-06-25T11:49:35 ICT" duration-ms="3505" status="PASS">
          <reporter-output>
          </reporter-output>
        </test-method> <!-- verifyUserLoginWithValidCredentials -->
        <test-method is-config="true" signature="browserQuit(org.testng.ITestResult)[pri:0, instance:testScripts.LoginTest@1349883]" started-at="2026-06-25T11:49:35 ICT" name="browserQuit" finished-at="2026-06-25T11:49:35 ICT" duration-ms="241" status="PASS">
          <params>
            <param index="0">
              <value>
                <![CDATA[[TestResult name=verifyUserLoginWithValidCredentials status=SUCCESS method=LoginTest.verifyUserLoginWithValidCredentials()[pri:1, instance:testScripts.LoginTest@1349883] output={null}]]]>
              </value>
            </param>
          </params>
          <reporter-output>
          </reporter-output>
        </test-method> <!-- browserQuit -->
        <test-method is-config="true" signature="browserLaunch(java.lang.String)[pri:0, instance:testScripts.LoginTest@1349883]" started-at="2026-06-25T11:49:35 ICT" name="browserLaunch" finished-at="2026-06-25T11:49:39 ICT" duration-ms="3227" status="PASS">
          <params>
            <param index="0">
              <value>
                <![CDATA[Chrome]]>
              </value>
            </param>
          </params>
          <reporter-output>
          </reporter-output>
        </test-method> <!-- browserLaunch -->
        <test-method signature="verifyUserLoginWithInvalidUsernameAndValidPassword()[pri:2, instance:testScripts.LoginTest@1349883]" started-at="2026-06-25T11:49:39 ICT" name="verifyUserLoginWithInvalidUsernameAndValidPassword" description="validating user login with invalidusername and validpassword" finished-at="2026-06-25T11:49:40 ICT" duration-ms="1023" status="PASS">
          <reporter-output>
          </reporter-output>
        </test-method> <!-- verifyUserLoginWithInvalidUsernameAndValidPassword -->
        <test-method is-config="true" signature="browserQuit(org.testng.ITestResult)[pri:0, instance:testScripts.LoginTest@1349883]" started-at="2026-06-25T11:49:40 ICT" name="browserQuit" finished-at="2026-06-25T11:49:40 ICT" duration-ms="168" status="PASS">
          <params>
            <param index="0">
              <value>
                <![CDATA[[TestResult name=verifyUserLoginWithInvalidUsernameAndValidPassword status=SUCCESS method=LoginTest.verifyUserLoginWithInvalidUsernameAndValidPassword()[pri:2, instance:testScripts.LoginTest@1349883] output={null}]]]>
              </value>
            </param>
          </params>
          <reporter-output>
          </reporter-output>
        </test-method> <!-- browserQuit -->
        <test-method is-config="true" signature="browserLaunch(java.lang.String)[pri:0, instance:testScripts.LoginTest@1349883]" started-at="2026-06-25T11:49:40 ICT" name="browserLaunch" finished-at="2026-06-25T11:49:42 ICT" duration-ms="1969" status="PASS">
          <params>
            <param index="0">
              <value>
                <![CDATA[Chrome]]>
              </value>
            </param>
          </params>
          <reporter-output>
          </reporter-output>
        </test-method> <!-- browserLaunch -->
        <test-method signature="verifyUserLoginWithvalidUsernameAndInValidPassword()[pri:3, instance:testScripts.LoginTest@1349883]" started-at="2026-06-25T11:49:42 ICT" name="verifyUserLoginWithvalidUsernameAndInValidPassword" description="validating user login with validusername and invalidpassword" finished-at="2026-06-25T11:49:43 ICT" duration-ms="1066" status="PASS">
          <reporter-output>
          </reporter-output>
        </test-method> <!-- verifyUserLoginWithvalidUsernameAndInValidPassword -->
        <test-method is-config="true" signature="browserQuit(org.testng.ITestResult)[pri:0, instance:testScripts.LoginTest@1349883]" started-at="2026-06-25T11:49:43 ICT" name="browserQuit" finished-at="2026-06-25T11:49:44 ICT" duration-ms="871" status="PASS">
          <params>
            <param index="0">
              <value>
                <![CDATA[[TestResult name=verifyUserLoginWithvalidUsernameAndInValidPassword status=SUCCESS method=LoginTest.verifyUserLoginWithvalidUsernameAndInValidPassword()[pri:3, instance:testScripts.LoginTest@1349883] output={null}]]]>
              </value>
            </param>
          </params>
          <reporter-output>
          </reporter-output>
        </test-method> <!-- browserQuit -->
        <test-method is-config="true" signature="browserLaunch(java.lang.String)[pri:0, instance:testScripts.LoginTest@1349883]" started-at="2026-06-25T11:49:44 ICT" name="browserLaunch" finished-at="2026-06-25T11:49:45 ICT" duration-ms="1851" status="PASS">
          <params>
            <param index="0">
              <value>
                <![CDATA[Chrome]]>
              </value>
            </param>
          </params>
          <reporter-output>
          </reporter-output>
        </test-method> <!-- browserLaunch -->
        <test-method signature="verifyUserLoginWithInvalidCredentials()[pri:4, instance:testScripts.LoginTest@1349883]" started-at="2026-06-25T11:49:45 ICT" name="verifyUserLoginWithInvalidCredentials" description="validating user login with invalid credentials" finished-at="2026-06-25T11:49:47 ICT" duration-ms="1170" status="PASS">
          <reporter-output>
          </reporter-output>
        </test-method> <!-- verifyUserLoginWithInvalidCredentials -->
        <test-method is-config="true" signature="browserQuit(org.testng.ITestResult)[pri:0, instance:testScripts.LoginTest@1349883]" started-at="2026-06-25T11:49:47 ICT" name="browserQuit" finished-at="2026-06-25T11:49:47 ICT" duration-ms="623" status="PASS">
          <params>
            <param index="0">
              <value>
                <![CDATA[[TestResult name=verifyUserLoginWithInvalidCredentials status=SUCCESS method=LoginTest.verifyUserLoginWithInvalidCredentials()[pri:4, instance:testScripts.LoginTest@1349883] output={null}]]]>
              </value>
            </param>
          </params>
          <reporter-output>
          </reporter-output>
        </test-method> <!-- browserQuit -->
      </class> <!-- testScripts.LoginTest -->
    </test> <!-- Test -->
  </suite> <!-- Suite -->
</testng-results>
